<?xml version="1.0" encoding="UTF-8"?>
<!-- Generated by org.testng.reporters.JUnitReportReporter -->
<testsuite hostname="DESKTOP-1KMDQFU" failures="0" tests="1" name="Assignment.Login" time="18.813" errors="0" timestamp="2023-11-08T13:24:58 IST" skipped="0">
  <testcase classname="Assignment.Login" name="login_Functionality" time="18.813"/>
</testsuite> <!-- Assignment.Login -->
